2021-11-06 00:12:26,250 INFO org.springframework.boot.StartupInfoLogger [main] Starting SareetaApplicationTests on LAPTOP-GIBPL6OL with PID 15436 (started by tasne in C:\Users\tasne\Desktop\nanoDegreeJava\5. devOps\nd035-c4-Security-and-DevOps-master\starter_code)
2021-11-06 00:12:26,267 DEBUG org.springframework.boot.StartupInfoLogger [main] Running with Spring Boot v2.1.5.RELEASE, Spring v5.1.7.RELEASE
2021-11-06 00:12:26,269 INFO org.springframework.boot.SpringApplication [main] No active profile set, falling back to default profiles: default
2021-11-06 00:12:27,525 INFO org.springframework.data.repository.config.RepositoryConfigurationDelegate [main] Bootstrapping Spring Data repositories in DEFAULT mode.
2021-11-06 00:12:27,642 INFO org.springframework.data.repository.config.RepositoryConfigurationDelegate [main] Finished Spring Data repository scanning in 102ms. Found 4 repository interfaces.
2021-11-06 00:12:28,971 INFO org.springframework.context.support.PostProcessorRegistrationDelegate$BeanPostProcessorChecker [main] Bean 'org.springframework.transaction.annotation.ProxyTransactionManagementConfiguration' of type [org.springframework.transaction.annotation.ProxyTransactionManagementConfiguration$$EnhancerBySpringCGLIB$$52dc96f9] is not eligible for getting processed by all BeanPostProcessors (for example: not eligible for auto-proxying)
2021-11-06 00:12:29,399 INFO com.zaxxer.hikari.HikariDataSource [main] HikariPool-1 - Starting...
2021-11-06 00:12:29,772 INFO com.zaxxer.hikari.HikariDataSource [main] HikariPool-1 - Start completed.
2021-11-06 00:12:29,947 INFO org.hibernate.jpa.internal.util.LogHelper [main] HHH000204: Processing PersistenceUnitInfo [
	name: default
	...]
2021-11-06 00:12:30,143 INFO org.hibernate.Version [main] HHH000412: Hibernate Core {5.3.10.Final}
2021-11-06 00:12:30,147 INFO org.hibernate.cfg.Environment [main] HHH000206: hibernate.properties not found
2021-11-06 00:12:30,250 INFO org.hibernate.annotations.common.reflection.java.JavaReflectionManager [main] HCANN000001: Hibernate Commons Annotations {5.0.4.Final}
2021-11-06 00:12:31,009 INFO org.hibernate.dialect.Dialect [main] HHH000400: Using dialect: org.hibernate.dialect.H2Dialect
2021-11-06 00:12:32,810 INFO org.springframework.orm.jpa.AbstractEntityManagerFactoryBean [main] Initialized JPA EntityManagerFactory for persistence unit 'default'
2021-11-06 00:12:34,426 WARN org.springframework.boot.autoconfigure.orm.jpa.JpaBaseConfiguration$JpaWebConfiguration$JpaWebMvcConfiguration [main] spring.jpa.open-in-view is enabled by default. Therefore, database queries may be performed during view rendering. Explicitly configure spring.jpa.open-in-view to disable this warning
2021-11-06 00:12:34,684 INFO org.springframework.security.web.DefaultSecurityFilterChain [main] Creating filter chain: any request, [org.springframework.security.web.context.request.async.WebAsyncManagerIntegrationFilter@4fc84c92, org.springframework.security.web.context.SecurityContextPersistenceFilter@35b79b1f, org.springframework.security.web.header.HeaderWriterFilter@67376bae, org.springframework.web.filter.CorsFilter@5f7bd970, org.springframework.security.web.authentication.logout.LogoutFilter@498503cb, com.example.demo.security.JWTAuthenticationFilter@6406b84d, com.example.demo.security.JWTAuthenticationVerficationFilter@5274acd1, org.springframework.security.web.savedrequest.RequestCacheAwareFilter@67216c33, org.springframework.security.web.servletapi.SecurityContextHolderAwareRequestFilter@7b43f95c, org.springframework.security.web.authentication.AnonymousAuthenticationFilter@5fd5d6d1, org.springframework.security.web.session.SessionManagementFilter@7c59cf66, org.springframework.security.web.access.ExceptionTranslationFilter@31e9d94f, org.springframework.security.web.access.intercept.FilterSecurityInterceptor@576a8b00]
2021-11-06 00:12:35,589 INFO org.springframework.scheduling.concurrent.ExecutorConfigurationSupport [main] Initializing ExecutorService 'applicationTaskExecutor'
2021-11-06 00:12:36,180 INFO org.springframework.boot.StartupInfoLogger [main] Started SareetaApplicationTests in 10.944 seconds (JVM running for 14.639)
2021-11-06 00:12:36,242 INFO org.springframework.scheduling.concurrent.ExecutorConfigurationSupport [Thread-2] Shutting down ExecutorService 'applicationTaskExecutor'
2021-11-06 00:12:36,246 INFO org.springframework.orm.jpa.AbstractEntityManagerFactoryBean [Thread-2] Closing JPA EntityManagerFactory for persistence unit 'default'
2021-11-06 00:12:36,253 INFO com.zaxxer.hikari.HikariDataSource [Thread-2] HikariPool-1 - Shutdown initiated...
2021-11-06 00:12:36,260 INFO com.zaxxer.hikari.HikariDataSource [Thread-2] HikariPool-1 - Shutdown completed.
2021-11-06 00:13:00,842 INFO org.springframework.boot.StartupInfoLogger [main] Starting SareetaApplication on LAPTOP-GIBPL6OL with PID 9112 (started by tasne in C:\Users\tasne\Desktop\nanoDegreeJava\5. devOps\nd035-c4-Security-and-DevOps-master\starter_code)
2021-11-06 00:13:00,848 DEBUG org.springframework.boot.StartupInfoLogger [main] Running with Spring Boot v2.1.5.RELEASE, Spring v5.1.7.RELEASE
2021-11-06 00:13:00,851 INFO org.springframework.boot.SpringApplication [main] No active profile set, falling back to default profiles: default
2021-11-06 00:13:01,910 INFO org.springframework.data.repository.config.RepositoryConfigurationDelegate [main] Bootstrapping Spring Data repositories in DEFAULT mode.
2021-11-06 00:13:02,043 INFO org.springframework.data.repository.config.RepositoryConfigurationDelegate [main] Finished Spring Data repository scanning in 116ms. Found 4 repository interfaces.
2021-11-06 00:13:02,943 INFO org.springframework.context.support.PostProcessorRegistrationDelegate$BeanPostProcessorChecker [main] Bean 'org.springframework.transaction.annotation.ProxyTransactionManagementConfiguration' of type [org.springframework.transaction.annotation.ProxyTransactionManagementConfiguration$$EnhancerBySpringCGLIB$$b6b6c686] is not eligible for getting processed by all BeanPostProcessors (for example: not eligible for auto-proxying)
2021-11-06 00:13:03,951 INFO org.springframework.boot.web.embedded.tomcat.TomcatWebServer [main] Tomcat initialized with port(s): 8080 (http)
2021-11-06 00:13:03,991 INFO org.apache.juli.logging.DirectJDKLog [main] Initializing ProtocolHandler ["http-nio-8080"]
2021-11-06 00:13:04,028 INFO org.apache.juli.logging.DirectJDKLog [main] Starting service [Tomcat]
2021-11-06 00:13:04,029 INFO org.apache.juli.logging.DirectJDKLog [main] Starting Servlet engine: [Apache Tomcat/9.0.19]
2021-11-06 00:13:04,351 INFO org.apache.juli.logging.DirectJDKLog [main] Initializing Spring embedded WebApplicationContext
2021-11-06 00:13:04,351 INFO org.springframework.boot.web.servlet.context.ServletWebServerApplicationContext [main] Root WebApplicationContext: initialization completed in 3403 ms
2021-11-06 00:13:04,736 INFO com.zaxxer.hikari.HikariDataSource [main] HikariPool-1 - Starting...
2021-11-06 00:13:05,065 INFO com.zaxxer.hikari.HikariDataSource [main] HikariPool-1 - Start completed.
2021-11-06 00:13:05,188 INFO org.hibernate.jpa.internal.util.LogHelper [main] HHH000204: Processing PersistenceUnitInfo [
	name: default
	...]
2021-11-06 00:13:05,360 INFO org.hibernate.Version [main] HHH000412: Hibernate Core {5.3.10.Final}
2021-11-06 00:13:05,367 INFO org.hibernate.cfg.Environment [main] HHH000206: hibernate.properties not found
2021-11-06 00:13:05,642 INFO org.hibernate.annotations.common.reflection.java.JavaReflectionManager [main] HCANN000001: Hibernate Commons Annotations {5.0.4.Final}
2021-11-06 00:13:05,959 INFO org.hibernate.dialect.Dialect [main] HHH000400: Using dialect: org.hibernate.dialect.H2Dialect
2021-11-06 00:13:07,599 INFO org.springframework.orm.jpa.AbstractEntityManagerFactoryBean [main] Initialized JPA EntityManagerFactory for persistence unit 'default'
2021-11-06 00:13:08,408 DEBUG org.springframework.web.filter.GenericFilterBean [main] Filter 'JWTAuthenticationVerficationFilter' configured for use
2021-11-06 00:13:08,869 WARN org.springframework.boot.autoconfigure.orm.jpa.JpaBaseConfiguration$JpaWebConfiguration$JpaWebMvcConfiguration [main] spring.jpa.open-in-view is enabled by default. Therefore, database queries may be performed during view rendering. Explicitly configure spring.jpa.open-in-view to disable this warning
2021-11-06 00:13:09,069 INFO org.springframework.security.web.DefaultSecurityFilterChain [main] Creating filter chain: any request, [org.springframework.security.web.context.request.async.WebAsyncManagerIntegrationFilter@511a307e, org.springframework.security.web.context.SecurityContextPersistenceFilter@43e30f15, org.springframework.security.web.header.HeaderWriterFilter@848d9bc, org.springframework.web.filter.CorsFilter@7aef8000, org.springframework.security.web.authentication.logout.LogoutFilter@6a4f7c17, com.example.demo.security.JWTAuthenticationFilter@10d97b64, com.example.demo.security.JWTAuthenticationVerficationFilter@2352c21f, org.springframework.security.web.savedrequest.RequestCacheAwareFilter@3c9c91e3, org.springframework.security.web.servletapi.SecurityContextHolderAwareRequestFilter@728535c6, org.springframework.security.web.authentication.AnonymousAuthenticationFilter@23cb8fcb, org.springframework.security.web.session.SessionManagementFilter@1add3e03, org.springframework.security.web.access.ExceptionTranslationFilter@2d41bb5a, org.springframework.security.web.access.intercept.FilterSecurityInterceptor@5adc71e7]
2021-11-06 00:13:09,336 INFO org.springframework.scheduling.concurrent.ExecutorConfigurationSupport [main] Initializing ExecutorService 'applicationTaskExecutor'
2021-11-06 00:13:09,621 INFO org.apache.juli.logging.DirectJDKLog [main] Starting ProtocolHandler ["http-nio-8080"]
2021-11-06 00:13:09,702 INFO org.springframework.boot.web.embedded.tomcat.TomcatWebServer [main] Tomcat started on port(s): 8080 (http) with context path ''
2021-11-06 00:13:09,708 INFO org.springframework.boot.StartupInfoLogger [main] Started SareetaApplication in 10.246 seconds (JVM running for 11.235)
